#
# There is insufficient memory for the Java Runtime Environment to continue.
# Native memory allocation (malloc) failed to allocate 973616 bytes for Chunk::new
# Possible reasons:
#   The system is out of physical RAM or swap space
#   In 32 bit mode, the process size limit was hit
# Possible solutions:
#   Reduce memory load on the system
#   Increase physical memory or swap space
#   Check if swap backing store is full
#   Use 64 bit Java on a 64 bit OS
#   Decrease Java heap size (-Xmx/-Xms)
#   Decrease number of Java threads
#   Decrease Java thread stack sizes (-Xss)
#   Set larger code cache with -XX:ReservedCodeCacheSize=
# This output file may be truncated or incomplete.
#
#  Out of Memory Error (allocation.cpp:390), pid=9236, tid=0x0000000000001b3c
#
# JRE version: OpenJDK Runtime Environment (8.0_152-b02) (build 1.8.0_152-release-1024-b02)
# Java VM: OpenJDK 64-Bit Server VM (25.152-b02 mixed mode windows-amd64 compressed oops)
# Failed to write core dump. Minidumps are not enabled by default on client versions of Windows
#

---------------  T H R E A D  ---------------

Current thread (0x000000001882c800):  JavaThread "C2 CompilerThread1" daemon [_thread_in_native, id=6972, stack(0x000000001a3a0000,0x000000001a4a0000)]

Stack: [0x000000001a3a0000,0x000000001a4a0000]
[error occurred during error reporting (printing stack bounds), id 0xc0000005]

Native frames: (J=compiled Java code, j=interpreted, Vv=VM code, C=native code)


Current CompileTask:
C2:  11573 5068       4       org.objectweb.asm.MethodWriter::visitMethodInsn (220 bytes)


---------------  P R O C E S S  ---------------

Java Threads: ( => current thread )
  0x0000000020535000 JavaThread "Memory manager" [_thread_blocked, id=8016, stack(0x0000000022d80000,0x0000000022e80000)]
  0x0000000020533800 JavaThread "pool-1-thread-1" [_thread_blocked, id=1132, stack(0x0000000022a80000,0x0000000022b80000)]
  0x0000000020531000 JavaThread "build operations Thread 4" [_thread_blocked, id=10280, stack(0x0000000022580000,0x0000000022680000)]
  0x0000000020532000 JavaThread "build operations Thread 3" [_thread_blocked, id=9120, stack(0x0000000022480000,0x0000000022580000)]
  0x0000000020530800 JavaThread "build operations Thread 2" [_thread_blocked, id=5992, stack(0x0000000022380000,0x0000000022480000)]
  0x000000002052f800 JavaThread "build operations" [_thread_blocked, id=4580, stack(0x0000000022280000,0x0000000022380000)]
  0x0000000020535800 JavaThread "Cache worker for Artifact transforms cache (C:\Users\Qoo\.gradle\caches\transforms-1)" [_thread_blocked, id=660, stack(0x0000000020760000,0x0000000020860000)]
  0x000000001b8e8000 JavaThread "Cache worker for file hash cache (D:\AndroidDev\Android-Projects\AUfoodchoise\.gradle\4.4\fileHashes)" [_thread_blocked, id=5152, stack(0x000000001e270000,0x000000001e370000)]
  0x000000001b97e800 JavaThread "File lock request listener" [_thread_in_native, id=10584, stack(0x000000001d1a0000,0x000000001d2a0000)]
  0x000000001b712000 JavaThread "Cache worker for file hash cache (C:\Users\Qoo\.gradle\caches\4.4\fileHashes)" [_thread_blocked, id=8512, stack(0x000000001d0a0000,0x000000001d1a0000)]
  0x000000001b811800 JavaThread "Stdin handler" [_thread_blocked, id=5920, stack(0x000000001cda0000,0x000000001cea0000)]
  0x000000001b84f000 JavaThread "Asynchronous log dispatcher for DefaultDaemonConnection: socket connection from /127.0.0.1:60978 to /127.0.0.1:60979" [_thread_blocked, id=4084, stack(0x000000001cca0000,0x000000001cda0000)]
  0x000000001b811000 JavaThread "Daemon worker" [_thread_in_vm, id=10424, stack(0x000000001cba0000,0x000000001cca0000)]
  0x000000001b6c3000 JavaThread "Cancel handler" [_thread_blocked, id=5580, stack(0x000000001caa0000,0x000000001cba0000)]
  0x000000001b7fe000 JavaThread "Handler for socket connection from /127.0.0.1:60978 to /127.0.0.1:60979" [_thread_in_native, id=6836, stack(0x000000001c7a0000,0x000000001c8a0000)]
  0x000000001b7fd800 JavaThread "Daemon" [_thread_blocked, id=6072, stack(0x000000001c6a0000,0x000000001c7a0000)]
  0x000000001b7a5000 JavaThread "Daemon periodic checks" [_thread_blocked, id=10488, stack(0x000000001c5a0000,0x000000001c6a0000)]
  0x000000001b642800 JavaThread "Incoming local TCP Connector on port 60978" [_thread_in_native, id=1408, stack(0x000000001c190000,0x000000001c290000)]
  0x0000000019d3a000 JavaThread "Service Thread" daemon [_thread_blocked, id=6920, stack(0x000000001a5a0000,0x000000001a6a0000)]
  0x0000000019ca9800 JavaThread "C1 CompilerThread2" daemon [_thread_blocked, id=7276, stack(0x000000001a4a0000,0x000000001a5a0000)]
=>0x000000001882c800 JavaThread "C2 CompilerThread1" daemon [_thread_in_native, id=6972, stack(0x000000001a3a0000,0x000000001a4a0000)]
  0x0000000018829000 JavaThread "C2 CompilerThread0" daemon [_thread_blocked, id=8784, stack(0x000000001a2a0000,0x000000001a3a0000)]
  0x0000000018828000 JavaThread "Attach Listener" daemon [_thread_blocked, id=3608, stack(0x000000001a1a0000,0x000000001a2a0000)]
  0x00000000187de000 JavaThread "Signal Dispatcher" daemon [_thread_blocked, id=10476, stack(0x000000001a0a0000,0x000000001a1a0000)]
  0x00000000187b8800 JavaThread "Finalizer" daemon [_thread_blocked, id=9904, stack(0x0000000019a30000,0x0000000019b30000)]
  0x0000000018797000 JavaThread "Reference Handler" daemon [_thread_blocked, id=6740, stack(0x0000000019930000,0x0000000019a30000)]
  0x00000000047ad800 JavaThread "main" [_thread_blocked, id=3256, stack(0x0000000004c30000,0x0000000004d30000)]

Other Threads:
  0x0000000018795800 VMThread [stack: 0x0000000019830000,0x0000000019930000] [id=4808]
  0x0000000019d3b000 WatcherThread [stack: 0x000000001a6a0000,0x000000001a7a0000] [id=10168]

VM state:not at safepoint (normal execution)

VM Mutex/Monitor currently owned by a thread: None

Heap:
 PSYoungGen      total 136704K, used 55293K [0x00000000e0000000, 0x00000000e9700000, 0x0000000100000000)
  eden space 124928K, 34% used [0x00000000e0000000,0x00000000e2a872c8,0x00000000e7a00000)
  from space 11776K, 99% used [0x00000000e8780000,0x00000000e92f8520,0x00000000e9300000)
  to   space 13824K, 0% used [0x00000000e7a00000,0x00000000e7a00000,0x00000000e8780000)
 ParOldGen       total 186880K, used 20011K [0x00000000a0000000, 0x00000000ab680000, 0x00000000e0000000)
  object space 186880K, 10% used [0x00000000a0000000,0x00000000a138ae30,0x00000000ab680000)
 Metaspace       used 49854K, capacity 51428K, committed 51584K, reserved 1093632K
  class space    used 6783K, capacity 7204K, committed 7296K, reserved 1048576K

Card table byte_map: [0x0000000014200000,0x0000000014510000] byte_map_base: 0x0000000013d00000

Marking Bits: (ParMarkBitMap*) 0x000000006dd24970
 Begin Bits: [0x0000000014b10000, 0x0000000016310000)
 End Bits:   [0x0000000016310000, 0x0000000017b10000)

Polling page: 0x0000000004790000

CodeCache: size=245760Kb used=17361Kb max_used=17374Kb free=228398Kb
 bounds [0x0000000004e40000, 0x0000000005f50000, 0x0000000013e40000]
 total_blobs=5582 nmethods=4815 adapters=679
 compilation: enabled

Compilation events (10 events):
Event: 11.476 Thread 0x0000000019ca9800 5117       3       java.lang.invoke.MemberName::hashCode (39 bytes)
Event: 11.477 Thread 0x0000000019ca9800 nmethod 5117 0x0000000005f204d0 code [0x0000000005f206e0, 0x0000000005f21468]
Event: 11.483 Thread 0x0000000018829000 5118       4       java.lang.Class::forName (53 bytes)
Event: 11.484 Thread 0x0000000018829000 nmethod 5118 0x0000000005f24550 code [0x0000000005f246a0, 0x0000000005f24728]
Event: 11.484 Thread 0x0000000019ca9800 5119       3       sun.reflect.AccessorGenerator::getClassName (184 bytes)
Event: 11.484 Thread 0x0000000018829000 5120       4       org.objectweb.asm.ByteVector::putUTF8 (142 bytes)
Event: 11.484 Thread 0x0000000019ca9800 nmethod 5119 0x0000000005f21fd0 code [0x0000000005f22320, 0x0000000005f23d58]
Event: 11.489 Thread 0x0000000018829000 nmethod 5120 0x0000000005f27910 code [0x0000000005f27a80, 0x0000000005f27fb8]
Event: 11.489 Thread 0x0000000018829000 5121       4       org.gradle.internal.service.DefaultServiceRegistry$OwnServices::getService (302 bytes)
Event: 11.498 Thread 0x0000000018829000 nmethod 5121 0x0000000005f24c10 code [0x0000000005f24de0, 0x0000000005f25758]

GC Heap History (10 events):
Event: 6.674 GC heap before
{Heap before GC invocations=6 (full 1):
 PSYoungGen      total 76288K, used 72931K [0x00000000e0000000, 0x00000000e6f00000, 0x0000000100000000)
  eden space 65536K, 100% used [0x00000000e0000000,0x00000000e4000000,0x00000000e4000000)
  from space 10752K, 68% used [0x00000000e4a80000,0x00000000e51b8f20,0x00000000e5500000)
  to   space 10752K, 0% used [0x00000000e4000000,0x00000000e4000000,0x00000000e4a80000)
 ParOldGen       total 115200K, used 8546K [0x00000000a0000000, 0x00000000a7080000, 0x00000000e0000000)
  object space 115200K, 7% used [0x00000000a0000000,0x00000000a0858998,0x00000000a7080000)
 Metaspace       used 29966K, capacity 30570K, committed 30848K, reserved 1075200K
  class space    used 4197K, capacity 4422K, committed 4480K, reserved 1048576K
Event: 6.683 GC heap after
Heap after GC invocations=6 (full 1):
 PSYoungGen      total 76288K, used 9243K [0x00000000e0000000, 0x00000000e6f80000, 0x0000000100000000)
  eden space 65536K, 0% used [0x00000000e0000000,0x00000000e0000000,0x00000000e4000000)
  from space 10752K, 85% used [0x00000000e4000000,0x00000000e4906c18,0x00000000e4a80000)
  to   space 11264K, 0% used [0x00000000e6480000,0x00000000e6480000,0x00000000e6f80000)
 ParOldGen       total 115200K, used 8554K [0x00000000a0000000, 0x00000000a7080000, 0x00000000e0000000)
  object space 115200K, 7% used [0x00000000a0000000,0x00000000a085a998,0x00000000a7080000)
 Metaspace       used 29966K, capacity 30570K, committed 30848K, reserved 1075200K
  class space    used 4197K, capacity 4422K, committed 4480K, reserved 1048576K
}
Event: 7.381 GC heap before
{Heap before GC invocations=7 (full 1):
 PSYoungGen      total 76288K, used 36066K [0x00000000e0000000, 0x00000000e6f80000, 0x0000000100000000)
  eden space 65536K, 40% used [0x00000000e0000000,0x00000000e1a31f98,0x00000000e4000000)
  from space 10752K, 85% used [0x00000000e4000000,0x00000000e4906c18,0x00000000e4a80000)
  to   space 11264K, 0% used [0x00000000e6480000,0x00000000e6480000,0x00000000e6f80000)
 ParOldGen       total 115200K, used 8554K [0x00000000a0000000, 0x00000000a7080000, 0x00000000e0000000)
  object space 115200K, 7% used [0x00000000a0000000,0x00000000a085a998,0x00000000a7080000)
 Metaspace       used 34557K, capacity 35280K, committed 35416K, reserved 1079296K
  class space    used 4767K, capacity 4998K, committed 5120K, reserved 1048576K
Event: 7.390 GC heap after
Heap after GC invocations=7 (full 1):
 PSYoungGen      total 102912K, used 9781K [0x00000000e0000000, 0x00000000e7080000, 0x0000000100000000)
  eden space 91648K, 0% used [0x00000000e0000000,0x00000000e0000000,0x00000000e5980000)
  from space 11264K, 86% used [0x00000000e6480000,0x00000000e6e0d5a8,0x00000000e6f80000)
  to   space 11264K, 0% used [0x00000000e5980000,0x00000000e5980000,0x00000000e6480000)
 ParOldGen       total 115200K, used 8562K [0x00000000a0000000, 0x00000000a7080000, 0x00000000e0000000)
  object space 115200K, 7% used [0x00000000a0000000,0x00000000a085c998,0x00000000a7080000)
 Metaspace       used 34557K, capacity 35280K, committed 35416K, reserved 1079296K
  class space    used 4767K, capacity 4998K, committed 5120K, reserved 1048576K
}
Event: 7.390 GC heap before
{Heap before GC invocations=8 (full 2):
 PSYoungGen      total 102912K, used 9781K [0x00000000e0000000, 0x00000000e7080000, 0x0000000100000000)
  eden space 91648K, 0% used [0x00000000e0000000,0x00000000e0000000,0x00000000e5980000)
  from space 11264K, 86% used [0x00000000e6480000,0x00000000e6e0d5a8,0x00000000e6f80000)
  to   space 11264K, 0% used [0x00000000e5980000,0x00000000e5980000,0x00000000e6480000)
 ParOldGen       total 115200K, used 8562K [0x00000000a0000000, 0x00000000a7080000, 0x00000000e0000000)
  object space 115200K, 7% used [0x00000000a0000000,0x00000000a085c998,0x00000000a7080000)
 Metaspace       used 34557K, capacity 35280K, committed 35416K, reserved 1079296K
  class space    used 4767K, capacity 4998K, committed 5120K, reserved 1048576K
Event: 7.435 GC heap after
Heap after GC invocations=8 (full 2):
 PSYoungGen      total 102912K, used 0K [0x00000000e0000000, 0x00000000e7080000, 0x0000000100000000)
  eden space 91648K, 0% used [0x00000000e0000000,0x00000000e0000000,0x00000000e5980000)
  from space 11264K, 0% used [0x00000000e6480000,0x00000000e6480000,0x00000000e6f80000)
  to   space 11264K, 0% used [0x00000000e5980000,0x00000000e5980000,0x00000000e6480000)
 ParOldGen       total 186880K, used 16596K [0x00000000a0000000, 0x00000000ab680000, 0x00000000e0000000)
  object space 186880K, 8% used [0x00000000a0000000,0x00000000a10352d8,0x00000000ab680000)
 Metaspace       used 34557K, capacity 35280K, committed 35416K, reserved 1079296K
  class space    used 4767K, capacity 4998K, committed 5120K, reserved 1048576K
}
Event: 8.968 GC heap before
{Heap before GC invocations=9 (full 2):
 PSYoungGen      total 102912K, used 91648K [0x00000000e0000000, 0x00000000e7080000, 0x0000000100000000)
  eden space 91648K, 100% used [0x00000000e0000000,0x00000000e5980000,0x00000000e5980000)
  from space 11264K, 0% used [0x00000000e6480000,0x00000000e6480000,0x00000000e6f80000)
  to   space 11264K, 0% used [0x00000000e5980000,0x00000000e5980000,0x00000000e6480000)
 ParOldGen       total 186880K, used 16596K [0x00000000a0000000, 0x00000000ab680000, 0x00000000e0000000)
  object space 186880K, 8% used [0x00000000a0000000,0x00000000a10352d8,0x00000000ab680000)
 Metaspace       used 40260K, capacity 41170K, committed 41472K, reserved 1085440K
  class space    used 5492K, capacity 5776K, committed 5888K, reserved 1048576K
Event: 8.977 GC heap after
Heap after GC invocations=9 (full 2):
 PSYoungGen      total 102912K, used 9950K [0x00000000e0000000, 0x00000000e9300000, 0x0000000100000000)
  eden space 91648K, 0% used [0x00000000e0000000,0x00000000e0000000,0x00000000e5980000)
  from space 11264K, 88% used [0x00000000e5980000,0x00000000e6337a40,0x00000000e6480000)
  to   space 11776K, 0% used [0x00000000e8780000,0x00000000e8780000,0x00000000e9300000)
 ParOldGen       total 186880K, used 16604K [0x00000000a0000000, 0x00000000ab680000, 0x00000000e0000000)
  object space 186880K, 8% used [0x00000000a0000000,0x00000000a10372d8,0x00000000ab680000)
 Metaspace       used 40260K, capacity 41170K, committed 41472K, reserved 1085440K
  class space    used 5492K, capacity 5776K, committed 5888K, reserved 1048576K
}
Event: 10.708 GC heap before
{Heap before GC invocations=10 (full 2):
 PSYoungGen      total 102912K, used 101598K [0x00000000e0000000, 0x00000000e9300000, 0x0000000100000000)
  eden space 91648K, 100% used [0x00000000e0000000,0x00000000e5980000,0x00000000e5980000)
  from space 11264K, 88% used [0x00000000e5980000,0x00000000e6337a40,0x00000000e6480000)
  to   space 11776K, 0% used [0x00000000e8780000,0x00000000e8780000,0x00000000e9300000)
 ParOldGen       total 186880K, used 16604K [0x00000000a0000000, 0x00000000ab680000, 0x00000000e0000000)
  object space 186880K, 8% used [0x00000000a0000000,0x00000000a10372d8,0x00000000ab680000)
 Metaspace       used 47091K, capacity 48294K, committed 48512K, reserved 1091584K
  class space    used 6415K, capacity 6779K, committed 6784K, reserved 1048576K
Event: 10.722 GC heap after
Heap after GC invocations=10 (full 2):
 PSYoungGen      total 136704K, used 11745K [0x00000000e0000000, 0x00000000e9700000, 0x0000000100000000)
  eden space 124928K, 0% used [0x00000000e0000000,0x00000000e0000000,0x00000000e7a00000)
  from space 11776K, 99% used [0x00000000e8780000,0x00000000e92f8520,0x00000000e9300000)
  to   space 13824K, 0% used [0x00000000e7a00000,0x00000000e7a00000,0x00000000e8780000)
 ParOldGen       total 186880K, used 20011K [0x00000000a0000000, 0x00000000ab680000, 0x00000000e0000000)
  object space 186880K, 10% used [0x00000000a0000000,0x00000000a138ae30,0x00000000ab680000)
 Metaspace       used 47091K, capacity 48294K, committed 48512K, reserved 1091584K
  class space    used 6415K, capacity 6779K, committed 6784K, reserved 1048576K
}

Deoptimization events (10 events):
Event: 10.480 Thread 0x000000001b811000 Uncommon trap: reason=unstable_if action=reinterpret pc=0x000000000537ac90 method=java.util.WeakHashMap.remove(Ljava/lang/Object;)Ljava/lang/Object; @ 94
Event: 10.508 Thread 0x000000001b811000 Uncommon trap: reason=unstable_if action=reinterpret pc=0x0000000005b95ac8 method=java.util.regex.Pattern$BmpCharProperty.match(Ljava/util/regex/Matcher;ILjava/lang/CharSequence;)Z @ 34
Event: 10.508 Thread 0x000000001b811000 Uncommon trap: reason=unstable_if action=reinterpret pc=0x00000000057751a8 method=java.util.regex.Pattern$BmpCharProperty.match(Ljava/util/regex/Matcher;ILjava/lang/CharSequence;)Z @ 34
Event: 10.785 Thread 0x000000001b811000 Uncommon trap: reason=unstable_if action=reinterpret pc=0x0000000005d64448 method=com.sun.org.apache.xerces.internal.impl.io.UTF8Reader.read([CII)I @ 131
Event: 10.785 Thread 0x000000001b811000 Uncommon trap: reason=unstable_if action=reinterpret pc=0x0000000005d55528 method=com.sun.org.apache.xerces.internal.impl.io.UTF8Reader.read([CII)I @ 131
Event: 10.786 Thread 0x000000001b811000 Uncommon trap: reason=unstable_if action=reinterpret pc=0x0000000005aaa2b8 method=java.util.regex.Pattern$BitClass.isSatisfiedBy(I)Z @ 4
Event: 10.786 Thread 0x000000001b811000 Uncommon trap: reason=unstable_if action=reinterpret pc=0x0000000005d1a24c method=java.util.regex.Pattern$Ctype.isSatisfiedBy(I)Z @ 4
Event: 11.338 Thread 0x000000001b811000 Uncommon trap: reason=unstable_if action=reinterpret pc=0x000000000575ebc8 method=org.objectweb.asm.ByteVector.putUTF8(Ljava/lang/String;)Lorg/objectweb/asm/ByteVector; @ 91
Event: 11.387 Thread 0x000000001b811000 Uncommon trap: reason=unstable_if action=reinterpret pc=0x00000000056d48f4 method=java.lang.String.lastIndexOf([CII[CIII)I @ 118
Event: 11.397 Thread 0x000000001b811000 Uncommon trap: reason=unstable_if action=reinterpret pc=0x000000000565c2f0 method=org.objectweb.asm.ByteVector.putUTF8(Ljava/lang/String;)Lorg/objectweb/asm/ByteVector; @ 91

Classes redefined (0 events):
No events

Internal exceptions (10 events):
Event: 10.848 Thread 0x000000001b811000 Exception <a 'sun/nio/fs/WindowsException'> (0x00000000e13dc8c0) thrown at [D:\src\AOSP-openjdk-cygwin\jdk8u\hotspot\src\share\vm\prims\jni.cpp, line 709]
Event: 10.848 Thread 0x000000001b811000 Exception <a 'sun/nio/fs/WindowsException'> (0x00000000e13de4b0) thrown at [D:\src\AOSP-openjdk-cygwin\jdk8u\hotspot\src\share\vm\prims\jni.cpp, line 709]
Event: 10.848 Thread 0x000000001b811000 Exception <a 'sun/nio/fs/WindowsException'> (0x00000000e13df0b0) thrown at [D:\src\AOSP-openjdk-cygwin\jdk8u\hotspot\src\share\vm\prims\jni.cpp, line 709]
Event: 10.857 Thread 0x000000001b811000 Exception <a 'java/lang/NoSuchMethodError': java.lang.Object.lambda$comparing$77a9974f$1(Ljava/util/function/Function;Ljava/lang/Object;Ljava/lang/Object;)I> (0x00000000e146b820) thrown at [D:\src\AOSP-openjdk-cygwin\jdk8u\hotspot\src\share\vm\interpreter
Event: 10.858 Thread 0x000000001b811000 Exception <a 'java/lang/NoSuchMethodError': java.lang.Object.lambda$thenComparing$36697e65$1(Ljava/util/Comparator;Ljava/lang/Object;Ljava/lang/Object;)I> (0x00000000e14787d0) thrown at [D:\src\AOSP-openjdk-cygwin\jdk8u\hotspot\src\share\vm\interpreter\li
Event: 10.882 Thread 0x000000001b811000 Exception <a 'java/lang/NoSuchMethodError': java.lang.Object.lambda$maxBy$1(Ljava/util/Comparator;Ljava/lang/Object;Ljava/lang/Object;)Ljava/lang/Object;> (0x00000000e151ca40) thrown at [D:\src\AOSP-openjdk-cygwin\jdk8u\hotspot\src\share\vm\interpreter\li
Event: 11.123 Thread 0x000000001b811000 Exception <a 'sun/nio/fs/WindowsException'> (0x00000000e16d86d0) thrown at [D:\src\AOSP-openjdk-cygwin\jdk8u\hotspot\src\share\vm\prims\jni.cpp, line 709]
Event: 11.124 Thread 0x000000001b811000 Exception <a 'sun/nio/fs/WindowsException'> (0x00000000e16da948) thrown at [D:\src\AOSP-openjdk-cygwin\jdk8u\hotspot\src\share\vm\prims\jni.cpp, line 709]
Event: 11.250 Thread 0x000000001b811000 Exception <a 'java/lang/ClassNotFoundException': org/gradle/api/plugins/BasePluginConventionBeanInfo> (0x00000000e1cae818) thrown at [D:\src\AOSP-openjdk-cygwin\jdk8u\hotspot\src\share\vm\classfile\systemDictionary.cpp, line 210]
Event: 11.250 Thread 0x000000001b811000 Exception <a 'java/lang/ClassNotFoundException': org/gradle/api/plugins/BasePluginConventionCustomizer> (0x00000000e1cd0f48) thrown at [D:\src\AOSP-openjdk-cygwin\jdk8u\hotspot\src\share\vm\classfile\systemDictionary.cpp, line 210]

Events (10 events):
Event: 11.489 loading class org/gradle/api/internal/classloading/LeakyOnJava7GroovySystemLoader
Event: 11.489 loading class org/gradle/api/internal/classloading/LeakyOnJava7GroovySystemLoader done
Event: 11.490 loading class org/gradle/api/internal/classloading/NoOpGroovySystemLoader
Event: 11.490 loading class org/gradle/api/internal/classloading/NoOpGroovySystemLoader done
Event: 11.490 loading class org/gradle/internal/work/DefaultAsyncWorkTracker
Event: 11.490 loading class org/gradle/internal/work/DefaultAsyncWorkTracker done
Event: 11.491 loading class org/gradle/workers/internal/NoIsolationWorkerFactory
Event: 11.491 loading class org/gradle/workers/internal/NoIsolationWorkerFactory done
Event: 11.491 loading class org/gradle/workers/internal/DefaultWorkerExecutor
Event: 11.491 loading class org/gradle/workers/internal/DefaultWorkerExecutor done


Dynamic libraries:
0x00007ff7e7e60000 - 0x00007ff7e7e91000 	D:\AndroidDev\Android-studio\jre\bin\java.exe
0x00007ffb67cd0000 - 0x00007ffb67eb0000 	C:\WINDOWS\SYSTEM32\ntdll.dll
0x00007ffb65520000 - 0x00007ffb655ce000 	C:\WINDOWS\System32\KERNEL32.DLL
0x00007ffb64e80000 - 0x00007ffb650e6000 	C:\WINDOWS\System32\KERNELBASE.dll
0x00007ffb651a0000 - 0x00007ffb65241000 	C:\WINDOWS\System32\ADVAPI32.dll
0x00007ffb65d00000 - 0x00007ffb65d9d000 	C:\WINDOWS\System32\msvcrt.dll
0x00007ffb67670000 - 0x00007ffb676cb000 	C:\WINDOWS\System32\sechost.dll
0x00007ffb65ed0000 - 0x00007ffb65fef000 	C:\WINDOWS\System32\RPCRT4.dll
0x00007ffb65390000 - 0x00007ffb6551f000 	C:\WINDOWS\System32\USER32.dll
0x00007ffb641d0000 - 0x00007ffb641f0000 	C:\WINDOWS\System32\win32u.dll
0x00007ffb65360000 - 0x00007ffb65388000 	C:\WINDOWS\System32\GDI32.dll
0x00007ffb64240000 - 0x00007ffb643d3000 	C:\WINDOWS\System32\gdi32full.dll
0x00007ffb64d00000 - 0x00007ffb64d9b000 	C:\WINDOWS\System32\msvcp_win.dll
0x00007ffb640d0000 - 0x00007ffb641c6000 	C:\WINDOWS\System32\ucrtbase.dll
0x00007ffb5c680000 - 0x00007ffb5c8e9000 	C:\WINDOWS\WinSxS\amd64_microsoft.windows.common-controls_6595b64144ccf1df_6.0.16299.371_none_15c7d1789365a290\COMCTL32.dll
0x00007ffb67840000 - 0x00007ffb67b48000 	C:\WINDOWS\System32\combase.dll
0x00007ffb64da0000 - 0x00007ffb64e12000 	C:\WINDOWS\System32\bcryptPrimitives.dll
0x00007ffb65da0000 - 0x00007ffb65dcd000 	C:\WINDOWS\System32\IMM32.DLL
0x000000006d230000 - 0x000000006d302000 	D:\AndroidDev\Android-studio\jre\jre\bin\msvcr100.dll
0x000000006d560000 - 0x000000006dd9f000 	D:\AndroidDev\Android-studio\jre\jre\bin\server\jvm.dll
0x00007ffb65cf0000 - 0x00007ffb65cf8000 	C:\WINDOWS\System32\PSAPI.DLL
0x00007ffb57510000 - 0x00007ffb57519000 	C:\WINDOWS\SYSTEM32\WSOCK32.dll
0x00007ffb65bd0000 - 0x00007ffb65c3c000 	C:\WINDOWS\System32\WS2_32.dll
0x00007ffb623b0000 - 0x00007ffb623d3000 	C:\WINDOWS\SYSTEM32\WINMM.dll
0x00007ffb5f980000 - 0x00007ffb5f98a000 	C:\WINDOWS\SYSTEM32\VERSION.dll
0x00007ffb62350000 - 0x00007ffb6237a000 	C:\WINDOWS\SYSTEM32\WINMMBASE.dll
0x00007ffb641f0000 - 0x00007ffb6423a000 	C:\WINDOWS\System32\cfgmgr32.dll
0x00007ffb60780000 - 0x00007ffb6078f000 	D:\AndroidDev\Android-studio\jre\jre\bin\verify.dll
0x00007ffb5a740000 - 0x00007ffb5a769000 	D:\AndroidDev\Android-studio\jre\jre\bin\java.dll
0x00007ffb5a720000 - 0x00007ffb5a736000 	D:\AndroidDev\Android-studio\jre\jre\bin\zip.dll
0x00007ffb66230000 - 0x00007ffb67666000 	C:\WINDOWS\System32\SHELL32.dll
0x00007ffb65c40000 - 0x00007ffb65ce6000 	C:\WINDOWS\System32\shcore.dll
0x00007ffb645b0000 - 0x00007ffb64cf7000 	C:\WINDOWS\System32\windows.storage.dll
0x00007ffb661c0000 - 0x00007ffb66211000 	C:\WINDOWS\System32\shlwapi.dll
0x00007ffb64020000 - 0x00007ffb64031000 	C:\WINDOWS\System32\kernel.appcore.dll
0x00007ffb64040000 - 0x00007ffb6408c000 	C:\WINDOWS\System32\powrprof.dll
0x00007ffb640b0000 - 0x00007ffb640cb000 	C:\WINDOWS\System32\profapi.dll
0x00007ffb547a0000 - 0x00007ffb547ba000 	D:\AndroidDev\Android-studio\jre\jre\bin\net.dll
0x00007ffb638a0000 - 0x00007ffb63906000 	C:\WINDOWS\system32\mswsock.dll
0x00007ffb50710000 - 0x00007ffb50721000 	D:\AndroidDev\Android-studio\jre\jre\bin\nio.dll
0x00007ffb552c0000 - 0x00007ffb552de000 	C:\Users\Qoo\.gradle\native\25\windows-amd64\native-platform.dll
0x00007ffb5c400000 - 0x00007ffb5c40d000 	D:\AndroidDev\Android-studio\jre\jre\bin\management.dll
0x00007ffb63a80000 - 0x00007ffb63a97000 	C:\WINDOWS\SYSTEM32\CRYPTSP.dll
0x00007ffb63450000 - 0x00007ffb63483000 	C:\WINDOWS\system32\rsaenh.dll
0x00007ffb63b80000 - 0x00007ffb63ba5000 	C:\WINDOWS\SYSTEM32\bcrypt.dll
0x00007ffb63f50000 - 0x00007ffb63f79000 	C:\WINDOWS\SYSTEM32\USERENV.dll
0x00007ffb63a70000 - 0x00007ffb63a7b000 	C:\WINDOWS\SYSTEM32\CRYPTBASE.dll
0x00007ffb635e0000 - 0x00007ffb63619000 	C:\WINDOWS\SYSTEM32\IPHLPAPI.DLL
0x00007ffb655d0000 - 0x00007ffb655d8000 	C:\WINDOWS\System32\NSI.dll
0x00007ffb5fb30000 - 0x00007ffb5fb46000 	C:\WINDOWS\SYSTEM32\dhcpcsvc6.DLL
0x00007ffb5fb10000 - 0x00007ffb5fb2a000 	C:\WINDOWS\SYSTEM32\dhcpcsvc.DLL

VM Arguments:
jvm_args: -Xmx1536m -Dfile.encoding=x-windows-950 -Duser.country=TW -Duser.language=zh -Duser.variant 
java_command: org.gradle.launcher.daemon.bootstrap.GradleDaemon 4.4
java_class_path (initial): C:\Users\Qoo\.gradle\wrapper\dists\gradle-4.4-all\9br9xq1tocpiv8o6njlyu5op1\gradle-4.4\lib\gradle-launcher-4.4.jar
Launcher Type: SUN_STANDARD

Environment Variables:
JAVA_HOME=C:\Program Files\Java\jdk-9.0.4
CLASSPATH=.
PATH=C:\ProgramData\Oracle\Java\javapath;C:\Program Files (x86)\Intel\iCLS Client\;C:\Program Files\Intel\iCLS Client\;C:\Windows\system32;C:\Windows;C:\Windows\System32\Wbem;C:\Windows\System32\WindowsPowerShell\v1.0\;C:\Program Files (x86)\Intel\Intel(R) Management Engine Components\DAL;C:\Program Files\Intel\Intel(R) Management Engine Components\DAL;C:\Program Files (x86)\Intel\Intel(R) Management Engine Components\IPT;C:\Program Files\Intel\Intel(R) Management Engine Components\IPT;C:\Program Files\Java\jdk-9.0.4\bin;C:\WINDOWS\system32;C:\WINDOWS;C:\WINDOWS\System32\Wbem;C:\WINDOWS\System32\WindowsPowerShell\v1.0\;C:\Program Files\Git\cmd;C:\Users\Qoo\AppData\Local\Microsoft\WindowsApps;
USERNAME=Qoo
OS=Windows_NT
PROCESSOR_IDENTIFIER=Intel64 Family 6 Model 60 Stepping 3, GenuineIntel



---------------  S Y S T E M  ---------------

OS: Windows 10.0 , 64 bit Build 16299 (10.0.16299.15)

CPU:total 4 (initial active 4) (4 cores per cpu, 1 threads per core) family 6 model 60 stepping 3, cmov, cx8, fxsr, mmx, sse, sse2, sse3, ssse3, sse4.1, sse4.2, popcnt, avx, avx2, aes, clmul, erms, lzcnt, tsc, tscinvbit, bmi1, bmi2

Memory: 4k page, physical 16708356k(2877656k free), swap 16708356k(3616k free)

vm_info: OpenJDK 64-Bit Server VM (25.152-b02) for windows-amd64 JRE (1.8.0_152-release-1024-b02), built by "builder" with MS VC++ 10.0 (VS2010)

time: Sun Apr 29 19:00:09 2018
elapsed time: 11 seconds (0d 0h 0m 11s)

